This is TeX, Version 3.14159 (preloaded format=LaTeX 97.7.3)  13 SEP 2000 15:08
**&LaTeX images.tex
(images.tex
LaTeX2e <1996/12/01>

(:TeX-inputs:LaTeX:article.cls
Document Class: article 1996/10/31 v1.3u Standard LaTeX document class
(:TeX-inputs:LaTeX:size10.clo
File: size10.clo 1999/01/07 v1.4a Standard LaTeX file (size option)
)
\c@part=\count79
\c@section=\count80
\c@subsection=\count81
\c@subsubsection=\count82
\c@paragraph=\count83
\c@subparagraph=\count84
\c@figure=\count85
\c@table=\count86
\abovecaptionskip=\skip41
\belowcaptionskip=\skip42
\bibindent=\dimen102
) (:TeX-inputs:LaTeX:babel.sty
Package: babel 1997/01/23 v3.6h The Babel package
(:TeX-inputs:LaTeX:babel.def
File: babel.def 1997/01/23 v3.6h Babel common definitions
(:TeX-inputs:LaTeX:switch.def
File: switch.def 1997/01/23 v3.6h Babel language switching mechanism
)
\babel@savecnt=\count87
\U@D=\dimen103
) (:TeX-inputs:LaTeX:italian.ldf
File: italian.ldf 1996/12/29 v1.2j Italian support from the babel system

Package babel Warning: No hyphenation patterns were loaded for
(babel)                the language `Italian'
(babel)                I will use the patterns loaded for \language=0 instead.

\l@italian = a dialect from \language0
)) (:TeX-inputs:LaTeX:epic.sty
Enhancements to Picture Environment. Version 1.2 - Released June 1, 1986
\@@multicnt=\count88
\d@lta=\count89
\@delta=\dimen104
\@@delta=\dimen105
\@gridcnt=\count90
\@joinkind=\count91
\@dotgap=\dimen106
\@ddotgap=\dimen107
\@x@diff=\count92
\@y@diff=\count93
\x@diff=\dimen108
\y@diff=\dimen109
\@dotbox=\box26
\num@segments=\count94
\num@segmentsi=\count95
\@datafile=\read1
) (:TeX-inputs:LaTeX:eepic.sty
Extension to Epic and LaTeX. Version 1.1b - Released Febrary 7, 1988
\@gphlinewidth=\count96
\@eepictcnt=\count97
\@tempdimc=\dimen110
\maxovaldiam=\dimen111
\@filltype=\box27
) (:TeX-inputs:Graphics:color.sty
Package: color 1997/01/07 v1.0d Standard LaTeX Color (DPC)
(:TeX-inputs:Graphics:color.cfg)
Package color Info: Driver file: dvips.def on input line 128.
(:TeX-inputs:Graphics:dvips.def
File: dvips.def 1996/12/12 v3.0d Driver-dependant file (DPC,SPQR)
) (:TeX-inputs:Graphics:dvipsnam.def
File: dvipsnam.def 1996/12/12 v3.0d Driver-dependant file (DPC,SPQR)
))
\sizebox=\box28
\lthtmlwrite=\write3
(images.aux)
LaTeX Font Info:    Checking defaults for OML/cmm/m/it on input line 107.
LaTeX Font Info:    ... okay on input line 107.
LaTeX Font Info:    Checking defaults for T1/cmr/m/n on input line 107.
LaTeX Font Info:    ... okay on input line 107.
LaTeX Font Info:    Checking defaults for OT1/cmr/m/n on input line 107.
LaTeX Font Info:    ... okay on input line 107.
LaTeX Font Info:    Checking defaults for OMS/cmsy/m/n on input line 107.
LaTeX Font Info:    ... okay on input line 107.
LaTeX Font Info:    Checking defaults for OMX/cmex/m/n on input line 107.
LaTeX Font Info:    ... okay on input line 107.
LaTeX Font Info:    Checking defaults for U/cmr/m/n on input line 107.
LaTeX Font Info:    ... okay on input line 107.

latex2htmlLength hsize=451.0pt

latex2htmlLength vsize=554.0pt

latex2htmlLength hoffset=0.0pt

latex2htmlLength voffset=0.0pt

latex2htmlLength topmargin=0.0pt

latex2htmlLength topskip=0.00003pt

latex2htmlLength headheight=0.0pt

latex2htmlLength headsep=0.0pt

latex2htmlLength parskip=5.0pt

latex2htmlLength oddsidemargin=0.0pt

latex2htmlLength evensidemargin=0.0pt

LaTeX Font Info:    External font `cmex10' loaded for size
(Font)              <7> on input line 131.
LaTeX Font Info:    External font `cmex10' loaded for size
(Font)              <5> on input line 131.
l2hSize :tex2html_wrap_inline85:6.6428pt::0.0pt::5.33768pt.
[1



]
l2hSize :tex2html_nomath_inline139:10.84444pt::10.84444pt::96.07802pt.
[2


]
l2hSize :tex2html_wrap_inline87:7.44444pt::7.44444pt::5.50005pt.
[3


]
l2hSize :tex2html_nomath_inline141:10.7333pt::10.7333pt::79.02237pt.
[4


]
l2hSize :tex2html_nomath_inline143:10.7333pt::10.7333pt::115.77248pt.
[5


]
l2hSize :tex2html_nomath_inline145:10.7333pt::10.7333pt::74.68907pt.
[6


]
l2hSize :tex2html_nomath_inline147:10.7333pt::10.7333pt::105.078pt.
[7


]
l2hSize :tex2html_wrap_inline97:6.83331pt::0.0pt::21.8472pt.
[8


]
l2hSize :tex2html_wrap_inline99:21.00017pt::21.00017pt::61.08331pt.
[9


]
l2hSize :tex2html_wrap_inline101:7.44444pt::7.44444pt::8.27783pt.
[10


] (images.aux) ) 
Here is how much of TeX's memory you used:
 968 strings out of 5929
 10929 string characters out of 28857
 56894 words of memory out of 200001
 3812 multiletter control sequences out of 10000
 4568 words of font info for 17 fonts, out of 60000 for 256
 14 hyphenation exceptions out of 2551
 23i,9n,19p,187b,203s stack positions out of 600i,150n,200p,3000b,2000s

Output written on images.dvi (10 pages, 2852 bytes).
